{"C:\\Users\\bibi computer\\Desktop\\projet_9\\bill-app\\Billed-app-FR-Front\\src\\constants\\routes.js": {"path":"C:\\Users\\bibi computer\\Desktop\\projet_9\\bill-app\\Billed-app-FR-Front\\src\\constants\\routes.js","statementMap":{"0":{"start":{"line":6,"column":27},"end":{"line":11,"column":1}},"1":{"start":{"line":13,"column":22},"end":{"line":26,"column":1}},"2":{"start":{"line":14,"column":2},"end":{"line":25,"column":3}},"3":{"start":{"line":16,"column":6},"end":{"line":16,"column":46}},"4":{"start":{"line":18,"column":6},"end":{"line":18,"column":46}},"5":{"start":{"line":20,"column":6},"end":{"line":20,"column":24}},"6":{"start":{"line":22,"column":6},"end":{"line":22,"column":50}},"7":{"start":{"line":24,"column":6},"end":{"line":24,"column":46}}},"fnMap":{"0":{"name":"(anonymous_0)","decl":{"start":{"line":13,"column":22},"end":{"line":13,"column":23}},"loc":{"start":{"line":13,"column":62},"end":{"line":26,"column":1}},"line":13}},"branchMap":{"0":{"loc":{"start":{"line":14,"column":2},"end":{"line":25,"column":3}},"type":"switch","locations":[{"start":{"line":15,"column":4},"end":{"line":16,"column":46}},{"start":{"line":17,"column":4},"end":{"line":18,"column":46}},{"start":{"line":19,"column":4},"end":{"line":20,"column":24}},{"start":{"line":21,"column":4},"end":{"line":22,"column":50}},{"start":{"line":23,"column":4},"end":{"line":24,"column":46}}],"line":14}},"s":{"0":6,"1":6,"2":42,"3":8,"4":15,"5":4,"6":12,"7":3},"f":{"0":42},"b":{"0":[8,15,4,12,3]},"_coverageSchema":"1a1c01bbd47fc00a2c39e90264f33305004495a9","hash":"5708a0dbb0b7afdc9b051e18dbcee035737dc68e"}
,"C:\\Users\\bibi computer\\Desktop\\projet_9\\bill-app\\Billed-app-FR-Front\\src\\constants\\usersTest.js": {"path":"C:\\Users\\bibi computer\\Desktop\\projet_9\\bill-app\\Billed-app-FR-Front\\src\\constants\\usersTest.js","statementMap":{},"fnMap":{},"branchMap":{},"s":{},"f":{},"b":{},"_coverageSchema":"1a1c01bbd47fc00a2c39e90264f33305004495a9","hash":"501598f5ff981014d11abe70ec11f19193f358a5"}
,"C:\\Users\\bibi computer\\Desktop\\projet_9\\bill-app\\Billed-app-FR-Front\\src\\containers\\Bills.js": {"path":"C:\\Users\\bibi computer\\Desktop\\projet_9\\bill-app\\Billed-app-FR-Front\\src\\containers\\Bills.js","statementMap":{"0":{"start":{"line":7,"column":8},"end":{"line":7,"column":32}},"1":{"start":{"line":8,"column":8},"end":{"line":8,"column":36}},"2":{"start":{"line":9,"column":8},"end":{"line":9,"column":26}},"3":{"start":{"line":10,"column":30},"end":{"line":10,"column":90}},"4":{"start":{"line":11,"column":8},"end":{"line":11,"column":91}},"5":{"start":{"line":11,"column":27},"end":{"line":11,"column":91}},"6":{"start":{"line":12,"column":24},"end":{"line":12,"column":80}},"7":{"start":{"line":13,"column":8},"end":{"line":15,"column":10}},"8":{"start":{"line":13,"column":21},"end":{"line":15,"column":10}},"9":{"start":{"line":14,"column":12},"end":{"line":14,"column":79}},"10":{"start":{"line":14,"column":49},"end":{"line":14,"column":78}},"11":{"start":{"line":16,"column":8},"end":{"line":16,"column":58}},"12":{"start":{"line":19,"column":25},"end":{"line":21,"column":5}},"13":{"start":{"line":20,"column":8},"end":{"line":20,"column":47}},"14":{"start":{"line":23,"column":25},"end":{"line":28,"column":5}},"15":{"start":{"line":24,"column":24},"end":{"line":24,"column":58}},"16":{"start":{"line":25,"column":25},"end":{"line":25,"column":67}},"17":{"start":{"line":26,"column":8},"end":{"line":26,"column":172}},"18":{"start":{"line":27,"column":8},"end":{"line":27,"column":38}},"19":{"start":{"line":30,"column":15},"end":{"line":49,"column":5}},"20":{"start":{"line":31,"column":8},"end":{"line":48,"column":9}},"21":{"start":{"line":32,"column":12},"end":{"line":47,"column":14}},"22":{"start":{"line":33,"column":30},"end":{"line":45,"column":18}},"23":{"start":{"line":34,"column":20},"end":{"line":44,"column":21}},"24":{"start":{"line":35,"column":24},"end":{"line":38,"column":25}},"25":{"start":{"line":40,"column":24},"end":{"line":43,"column":25}},"26":{"start":{"line":46,"column":16},"end":{"line":46,"column":28}}},"fnMap":{"0":{"name":"(anonymous_0)","decl":{"start":{"line":6,"column":4},"end":{"line":6,"column":5}},"loc":{"start":{"line":6,"column":63},"end":{"line":17,"column":5}},"line":6},"1":{"name":"(anonymous_1)","decl":{"start":{"line":13,"column":37},"end":{"line":13,"column":38}},"loc":{"start":{"line":13,"column":45},"end":{"line":15,"column":9}},"line":13},"2":{"name":"(anonymous_2)","decl":{"start":{"line":14,"column":43},"end":{"line":14,"column":44}},"loc":{"start":{"line":14,"column":49},"end":{"line":14,"column":78}},"line":14},"3":{"name":"(anonymous_3)","decl":{"start":{"line":19,"column":25},"end":{"line":19,"column":26}},"loc":{"start":{"line":19,"column":31},"end":{"line":21,"column":5}},"line":19},"4":{"name":"(anonymous_4)","decl":{"start":{"line":23,"column":25},"end":{"line":23,"column":26}},"loc":{"start":{"line":23,"column":35},"end":{"line":28,"column":5}},"line":23},"5":{"name":"(anonymous_5)","decl":{"start":{"line":30,"column":15},"end":{"line":30,"column":16}},"loc":{"start":{"line":30,"column":21},"end":{"line":49,"column":5}},"line":30},"6":{"name":"(anonymous_6)","decl":{"start":{"line":32,"column":50},"end":{"line":32,"column":51}},"loc":{"start":{"line":32,"column":62},"end":{"line":47,"column":13}},"line":32},"7":{"name":"(anonymous_7)","decl":{"start":{"line":33,"column":43},"end":{"line":33,"column":44}},"loc":{"start":{"line":33,"column":50},"end":{"line":45,"column":17}},"line":33}},"branchMap":{"0":{"loc":{"start":{"line":11,"column":8},"end":{"line":11,"column":91}},"type":"if","locations":[{"start":{"line":11,"column":8},"end":{"line":11,"column":91}},{"start":{},"end":{}}],"line":11},"1":{"loc":{"start":{"line":13,"column":8},"end":{"line":15,"column":10}},"type":"if","locations":[{"start":{"line":13,"column":8},"end":{"line":15,"column":10}},{"start":{},"end":{}}],"line":13},"2":{"loc":{"start":{"line":31,"column":8},"end":{"line":48,"column":9}},"type":"if","locations":[{"start":{"line":31,"column":8},"end":{"line":48,"column":9}},{"start":{},"end":{}}],"line":31}},"s":{"0":4,"1":4,"2":4,"3":4,"4":4,"5":2,"6":4,"7":4,"8":4,"9":4,"10":1,"11":4,"12":4,"13":2,"14":4,"15":2,"16":2,"17":2,"18":2,"19":4,"20":2,"21":2,"22":0,"23":0,"24":0,"25":0,"26":0},"f":{"0":4,"1":4,"2":1,"3":2,"4":2,"5":2,"6":0,"7":0},"b":{"0":[2,2],"1":[4,0],"2":[2,0]},"_coverageSchema":"1a1c01bbd47fc00a2c39e90264f33305004495a9","hash":"96fe0d77afbb47e3aa7cecb3aeb664154e39bd18"}
,"C:\\Users\\bibi computer\\Desktop\\projet_9\\bill-app\\Billed-app-FR-Front\\src\\containers\\Dashboard.js": {"path":"C:\\Users\\bibi computer\\Desktop\\projet_9\\bill-app\\Billed-app-FR-Front\\src\\containers\\Dashboard.js","statementMap":{"0":{"start":{"line":8,"column":29},"end":{"line":27,"column":1}},"1":{"start":{"line":9,"column":4},"end":{"line":26,"column":15}},"2":{"start":{"line":14,"column":12},"end":{"line":24,"column":13}},"3":{"start":{"line":15,"column":16},"end":{"line":15,"column":58}},"4":{"start":{"line":20,"column":34},"end":{"line":20,"column":80}},"5":{"start":{"line":21,"column":16},"end":{"line":23,"column":68}},"6":{"start":{"line":25,"column":12},"end":{"line":25,"column":34}},"7":{"start":{"line":29,"column":20},"end":{"line":52,"column":1}},"8":{"start":{"line":30,"column":30},"end":{"line":30,"column":54}},"9":{"start":{"line":31,"column":22},"end":{"line":32,"column":44}},"10":{"start":{"line":33,"column":21},"end":{"line":34,"column":59}},"11":{"start":{"line":36,"column":4},"end":{"line":51,"column":4}},"12":{"start":{"line":54,"column":21},"end":{"line":58,"column":1}},"13":{"start":{"line":55,"column":4},"end":{"line":57,"column":46}},"14":{"start":{"line":56,"column":25},"end":{"line":56,"column":69}},"15":{"start":{"line":57,"column":21},"end":{"line":57,"column":31}},"16":{"start":{"line":60,"column":25},"end":{"line":69,"column":1}},"17":{"start":{"line":61,"column":4},"end":{"line":68,"column":5}},"18":{"start":{"line":63,"column":12},"end":{"line":63,"column":28}},"19":{"start":{"line":65,"column":12},"end":{"line":65,"column":29}},"20":{"start":{"line":67,"column":12},"end":{"line":67,"column":28}},"21":{"start":{"line":73,"column":8},"end":{"line":73,"column":32}},"22":{"start":{"line":74,"column":8},"end":{"line":74,"column":36}},"23":{"start":{"line":75,"column":8},"end":{"line":75,"column":26}},"24":{"start":{"line":76,"column":8},"end":{"line":76,"column":75}},"25":{"start":{"line":76,"column":39},"end":{"line":76,"column":74}},"26":{"start":{"line":77,"column":8},"end":{"line":77,"column":75}},"27":{"start":{"line":77,"column":39},"end":{"line":77,"column":74}},"28":{"start":{"line":78,"column":8},"end":{"line":78,"column":75}},"29":{"start":{"line":78,"column":39},"end":{"line":78,"column":74}},"30":{"start":{"line":79,"column":8},"end":{"line":79,"column":48}},"31":{"start":{"line":82,"column":25},"end":{"line":87,"column":5}},"32":{"start":{"line":83,"column":24},"end":{"line":83,"column":62}},"33":{"start":{"line":84,"column":25},"end":{"line":84,"column":73}},"34":{"start":{"line":85,"column":8},"end":{"line":85,"column":148}},"35":{"start":{"line":86,"column":8},"end":{"line":86,"column":100}},"36":{"start":{"line":86,"column":64},"end":{"line":86,"column":100}},"37":{"start":{"line":90,"column":8},"end":{"line":90,"column":79}},"38":{"start":{"line":90,"column":63},"end":{"line":90,"column":79}},"39":{"start":{"line":91,"column":8},"end":{"line":91,"column":75}},"40":{"start":{"line":91,"column":58},"end":{"line":91,"column":75}},"41":{"start":{"line":92,"column":8},"end":{"line":108,"column":9}},"42":{"start":{"line":93,"column":12},"end":{"line":95,"column":14}},"43":{"start":{"line":94,"column":16},"end":{"line":94,"column":69}},"44":{"start":{"line":96,"column":12},"end":{"line":96,"column":68}},"45":{"start":{"line":97,"column":12},"end":{"line":97,"column":75}},"46":{"start":{"line":98,"column":12},"end":{"line":98,"column":58}},"47":{"start":{"line":99,"column":12},"end":{"line":99,"column":26}},"48":{"start":{"line":101,"column":12},"end":{"line":101,"column":68}},"49":{"start":{"line":103,"column":12},"end":{"line":105,"column":8}},"50":{"start":{"line":106,"column":12},"end":{"line":106,"column":58}},"51":{"start":{"line":107,"column":12},"end":{"line":107,"column":26}},"52":{"start":{"line":109,"column":8},"end":{"line":109,"column":55}},"53":{"start":{"line":110,"column":8},"end":{"line":110,"column":76}},"54":{"start":{"line":110,"column":43},"end":{"line":110,"column":75}},"55":{"start":{"line":111,"column":8},"end":{"line":111,"column":76}},"56":{"start":{"line":111,"column":43},"end":{"line":111,"column":75}},"57":{"start":{"line":115,"column":25},"end":{"line":123,"column":5}},"58":{"start":{"line":116,"column":24},"end":{"line":120,"column":9}},"59":{"start":{"line":121,"column":8},"end":{"line":121,"column":32}},"60":{"start":{"line":122,"column":8},"end":{"line":122,"column":49}},"61":{"start":{"line":125,"column":25},"end":{"line":133,"column":5}},"62":{"start":{"line":126,"column":24},"end":{"line":130,"column":9}},"63":{"start":{"line":131,"column":8},"end":{"line":131,"column":32}},"64":{"start":{"line":132,"column":8},"end":{"line":132,"column":49}},"65":{"start":{"line":137,"column":8},"end":{"line":137,"column":80}},"66":{"start":{"line":137,"column":64},"end":{"line":137,"column":80}},"67":{"start":{"line":138,"column":8},"end":{"line":138,"column":80}},"68":{"start":{"line":138,"column":62},"end":{"line":138,"column":80}},"69":{"start":{"line":139,"column":8},"end":{"line":150,"column":9}},"70":{"start":{"line":141,"column":12},"end":{"line":141,"column":76}},"71":{"start":{"line":142,"column":12},"end":{"line":143,"column":73}},"72":{"start":{"line":144,"column":12},"end":{"line":144,"column":26}},"73":{"start":{"line":146,"column":12},"end":{"line":146,"column":77}},"74":{"start":{"line":147,"column":12},"end":{"line":148,"column":25}},"75":{"start":{"line":149,"column":12},"end":{"line":149,"column":26}},"76":{"start":{"line":160,"column":8},"end":{"line":163,"column":10}},"77":{"start":{"line":161,"column":12},"end":{"line":161,"column":43}},"78":{"start":{"line":162,"column":12},"end":{"line":162,"column":95}},"79":{"start":{"line":162,"column":57},"end":{"line":162,"column":94}},"80":{"start":{"line":165,"column":8},"end":{"line":165,"column":20}},"81":{"start":{"line":169,"column":23},"end":{"line":188,"column":5}},"82":{"start":{"line":170,"column":8},"end":{"line":187,"column":9}},"83":{"start":{"line":171,"column":12},"end":{"line":186,"column":18}},"84":{"start":{"line":175,"column":34},"end":{"line":181,"column":27}},"85":{"start":{"line":176,"column":37},"end":{"line":181,"column":25}},"86":{"start":{"line":182,"column":20},"end":{"line":182,"column":32}},"87":{"start":{"line":185,"column":20},"end":{"line":185,"column":32}}},"fnMap":{"0":{"name":"(anonymous_0)","decl":{"start":{"line":8,"column":29},"end":{"line":8,"column":30}},"loc":{"start":{"line":8,"column":47},"end":{"line":27,"column":1}},"line":8},"1":{"name":"(anonymous_1)","decl":{"start":{"line":10,"column":20},"end":{"line":10,"column":21}},"loc":{"start":{"line":10,"column":28},"end":{"line":26,"column":9}},"line":10},"2":{"name":"(anonymous_2)","decl":{"start":{"line":29,"column":20},"end":{"line":29,"column":21}},"loc":{"start":{"line":29,"column":30},"end":{"line":52,"column":1}},"line":29},"3":{"name":"(anonymous_3)","decl":{"start":{"line":54,"column":21},"end":{"line":54,"column":22}},"loc":{"start":{"line":54,"column":32},"end":{"line":58,"column":1}},"line":54},"4":{"name":"(anonymous_4)","decl":{"start":{"line":56,"column":14},"end":{"line":56,"column":15}},"loc":{"start":{"line":56,"column":25},"end":{"line":56,"column":69}},"line":56},"5":{"name":"(anonymous_5)","decl":{"start":{"line":57,"column":13},"end":{"line":57,"column":14}},"loc":{"start":{"line":57,"column":21},"end":{"line":57,"column":31}},"line":57},"6":{"name":"(anonymous_6)","decl":{"start":{"line":60,"column":25},"end":{"line":60,"column":26}},"loc":{"start":{"line":60,"column":36},"end":{"line":69,"column":1}},"line":60},"7":{"name":"(anonymous_7)","decl":{"start":{"line":72,"column":4},"end":{"line":72,"column":5}},"loc":{"start":{"line":72,"column":70},"end":{"line":80,"column":5}},"line":72},"8":{"name":"(anonymous_8)","decl":{"start":{"line":76,"column":32},"end":{"line":76,"column":33}},"loc":{"start":{"line":76,"column":39},"end":{"line":76,"column":74}},"line":76},"9":{"name":"(anonymous_9)","decl":{"start":{"line":77,"column":32},"end":{"line":77,"column":33}},"loc":{"start":{"line":77,"column":39},"end":{"line":77,"column":74}},"line":77},"10":{"name":"(anonymous_10)","decl":{"start":{"line":78,"column":32},"end":{"line":78,"column":33}},"loc":{"start":{"line":78,"column":39},"end":{"line":78,"column":74}},"line":78},"11":{"name":"(anonymous_11)","decl":{"start":{"line":82,"column":25},"end":{"line":82,"column":26}},"loc":{"start":{"line":82,"column":31},"end":{"line":87,"column":5}},"line":82},"12":{"name":"(anonymous_12)","decl":{"start":{"line":89,"column":4},"end":{"line":89,"column":5}},"loc":{"start":{"line":89,"column":37},"end":{"line":113,"column":5}},"line":89},"13":{"name":"(anonymous_13)","decl":{"start":{"line":93,"column":26},"end":{"line":93,"column":27}},"loc":{"start":{"line":93,"column":31},"end":{"line":95,"column":13}},"line":93},"14":{"name":"(anonymous_14)","decl":{"start":{"line":110,"column":36},"end":{"line":110,"column":37}},"loc":{"start":{"line":110,"column":43},"end":{"line":110,"column":75}},"line":110},"15":{"name":"(anonymous_15)","decl":{"start":{"line":111,"column":36},"end":{"line":111,"column":37}},"loc":{"start":{"line":111,"column":43},"end":{"line":111,"column":75}},"line":111},"16":{"name":"(anonymous_16)","decl":{"start":{"line":115,"column":25},"end":{"line":115,"column":26}},"loc":{"start":{"line":115,"column":38},"end":{"line":123,"column":5}},"line":115},"17":{"name":"(anonymous_17)","decl":{"start":{"line":125,"column":25},"end":{"line":125,"column":26}},"loc":{"start":{"line":125,"column":38},"end":{"line":133,"column":5}},"line":125},"18":{"name":"(anonymous_18)","decl":{"start":{"line":135,"column":4},"end":{"line":135,"column":5}},"loc":{"start":{"line":135,"column":39},"end":{"line":167,"column":5}},"line":135},"19":{"name":"(anonymous_19)","decl":{"start":{"line":160,"column":22},"end":{"line":160,"column":23}},"loc":{"start":{"line":160,"column":30},"end":{"line":163,"column":9}},"line":160},"20":{"name":"(anonymous_20)","decl":{"start":{"line":162,"column":50},"end":{"line":162,"column":51}},"loc":{"start":{"line":162,"column":57},"end":{"line":162,"column":94}},"line":162},"21":{"name":"(anonymous_21)","decl":{"start":{"line":169,"column":23},"end":{"line":169,"column":24}},"loc":{"start":{"line":169,"column":29},"end":{"line":188,"column":5}},"line":169},"22":{"name":"(anonymous_22)","decl":{"start":{"line":174,"column":22},"end":{"line":174,"column":23}},"loc":{"start":{"line":174,"column":34},"end":{"line":183,"column":17}},"line":174},"23":{"name":"(anonymous_23)","decl":{"start":{"line":176,"column":29},"end":{"line":176,"column":30}},"loc":{"start":{"line":176,"column":37},"end":{"line":181,"column":25}},"line":176},"24":{"name":"(anonymous_24)","decl":{"start":{"line":184,"column":23},"end":{"line":184,"column":24}},"loc":{"start":{"line":184,"column":32},"end":{"line":186,"column":17}},"line":184}},"branchMap":{"0":{"loc":{"start":{"line":9,"column":11},"end":{"line":26,"column":15}},"type":"cond-expr","locations":[{"start":{"line":10,"column":8},"end":{"line":26,"column":10}},{"start":{"line":26,"column":13},"end":{"line":26,"column":15}}],"line":9},"1":{"loc":{"start":{"line":9,"column":12},"end":{"line":9,"column":31}},"type":"binary-expr","locations":[{"start":{"line":9,"column":12},"end":{"line":9,"column":16}},{"start":{"line":9,"column":20},"end":{"line":9,"column":31}}],"line":9},"2":{"loc":{"start":{"line":14,"column":12},"end":{"line":24,"column":13}},"type":"if","locations":[{"start":{"line":14,"column":12},"end":{"line":24,"column":13}},{"start":{"line":18,"column":17},"end":{"line":24,"column":13}}],"line":14},"3":{"loc":{"start":{"line":22,"column":20},"end":{"line":23,"column":68}},"type":"binary-expr","locations":[{"start":{"line":22,"column":21},"end":{"line":22,"column":43}},{"start":{"line":23,"column":20},"end":{"line":23,"column":68}}],"line":22},"4":{"loc":{"start":{"line":31,"column":22},"end":{"line":32,"column":44}},"type":"cond-expr","locations":[{"start":{"line":32,"column":8},"end":{"line":32,"column":39}},{"start":{"line":32,"column":42},"end":{"line":32,"column":44}}],"line":31},"5":{"loc":{"start":{"line":33,"column":21},"end":{"line":34,"column":59}},"type":"cond-expr","locations":[{"start":{"line":34,"column":8},"end":{"line":34,"column":39}},{"start":{"line":34,"column":42},"end":{"line":34,"column":59}}],"line":33},"6":{"loc":{"start":{"line":55,"column":11},"end":{"line":57,"column":46}},"type":"cond-expr","locations":[{"start":{"line":55,"column":35},"end":{"line":57,"column":41}},{"start":{"line":57,"column":44},"end":{"line":57,"column":46}}],"line":55},"7":{"loc":{"start":{"line":55,"column":11},"end":{"line":55,"column":32}},"type":"binary-expr","locations":[{"start":{"line":55,"column":11},"end":{"line":55,"column":16}},{"start":{"line":55,"column":20},"end":{"line":55,"column":32}}],"line":55},"8":{"loc":{"start":{"line":56,"column":25},"end":{"line":56,"column":69}},"type":"cond-expr","locations":[{"start":{"line":56,"column":63},"end":{"line":56,"column":64}},{"start":{"line":56,"column":67},"end":{"line":56,"column":69}}],"line":56},"9":{"loc":{"start":{"line":61,"column":4},"end":{"line":68,"column":5}},"type":"switch","locations":[{"start":{"line":62,"column":8},"end":{"line":63,"column":28}},{"start":{"line":64,"column":8},"end":{"line":65,"column":29}},{"start":{"line":66,"column":8},"end":{"line":67,"column":28}}],"line":61},"10":{"loc":{"start":{"line":86,"column":8},"end":{"line":86,"column":100}},"type":"if","locations":[{"start":{"line":86,"column":8},"end":{"line":86,"column":100}},{"start":{},"end":{}}],"line":86},"11":{"loc":{"start":{"line":90,"column":8},"end":{"line":90,"column":79}},"type":"if","locations":[{"start":{"line":90,"column":8},"end":{"line":90,"column":79}},{"start":{},"end":{}}],"line":90},"12":{"loc":{"start":{"line":90,"column":12},"end":{"line":90,"column":61}},"type":"binary-expr","locations":[{"start":{"line":90,"column":12},"end":{"line":90,"column":38}},{"start":{"line":90,"column":42},"end":{"line":90,"column":61}}],"line":90},"13":{"loc":{"start":{"line":91,"column":8},"end":{"line":91,"column":75}},"type":"if","locations":[{"start":{"line":91,"column":8},"end":{"line":91,"column":75}},{"start":{},"end":{}}],"line":91},"14":{"loc":{"start":{"line":91,"column":12},"end":{"line":91,"column":56}},"type":"binary-expr","locations":[{"start":{"line":91,"column":12},"end":{"line":91,"column":33}},{"start":{"line":91,"column":37},"end":{"line":91,"column":56}}],"line":91},"15":{"loc":{"start":{"line":92,"column":8},"end":{"line":108,"column":9}},"type":"if","locations":[{"start":{"line":92,"column":8},"end":{"line":108,"column":9}},{"start":{"line":100,"column":15},"end":{"line":108,"column":9}}],"line":92},"16":{"loc":{"start":{"line":137,"column":8},"end":{"line":137,"column":80}},"type":"if","locations":[{"start":{"line":137,"column":8},"end":{"line":137,"column":80}},{"start":{},"end":{}}],"line":137},"17":{"loc":{"start":{"line":137,"column":12},"end":{"line":137,"column":62}},"type":"binary-expr","locations":[{"start":{"line":137,"column":12},"end":{"line":137,"column":38}},{"start":{"line":137,"column":42},"end":{"line":137,"column":62}}],"line":137},"18":{"loc":{"start":{"line":138,"column":8},"end":{"line":138,"column":80}},"type":"if","locations":[{"start":{"line":138,"column":8},"end":{"line":138,"column":80}},{"start":{},"end":{}}],"line":138},"19":{"loc":{"start":{"line":138,"column":12},"end":{"line":138,"column":60}},"type":"binary-expr","locations":[{"start":{"line":138,"column":12},"end":{"line":138,"column":36}},{"start":{"line":138,"column":40},"end":{"line":138,"column":60}}],"line":138},"20":{"loc":{"start":{"line":139,"column":8},"end":{"line":150,"column":9}},"type":"if","locations":[{"start":{"line":139,"column":8},"end":{"line":150,"column":9}},{"start":{"line":145,"column":15},"end":{"line":150,"column":9}}],"line":139},"21":{"loc":{"start":{"line":170,"column":8},"end":{"line":187,"column":9}},"type":"if","locations":[{"start":{"line":170,"column":8},"end":{"line":187,"column":9}},{"start":{},"end":{}}],"line":170}},"s":{"0":6,"1":44,"2":104,"3":104,"4":0,"5":0,"6":104,"7":6,"8":6,"9":6,"10":6,"11":6,"12":6,"13":6,"14":1,"15":6,"16":6,"17":5,"18":3,"19":1,"20":1,"21":14,"22":14,"23":14,"24":14,"25":0,"26":14,"27":0,"28":14,"29":0,"30":14,"31":14,"32":1,"33":1,"34":1,"35":1,"36":0,"37":3,"38":2,"39":3,"40":2,"41":3,"42":2,"43":8,"44":2,"45":2,"46":2,"47":2,"48":1,"49":1,"50":1,"51":1,"52":3,"53":3,"54":0,"55":3,"56":0,"57":14,"58":1,"59":1,"60":1,"61":14,"62":1,"63":1,"64":1,"65":5,"66":5,"67":5,"68":5,"69":5,"70":5,"71":5,"72":5,"73":0,"74":0,"75":0,"76":5,"77":20,"78":20,"79":3,"80":5,"81":14,"82":5,"83":5,"84":3,"85":12,"86":3,"87":2},"f":{"0":44,"1":104,"2":6,"3":6,"4":1,"5":6,"6":5,"7":14,"8":0,"9":0,"10":0,"11":1,"12":3,"13":8,"14":0,"15":0,"16":1,"17":1,"18":5,"19":20,"20":3,"21":5,"22":3,"23":12,"24":2},"b":{"0":[26,18],"1":[44,26],"2":[104,0],"3":[0,0],"4":[0,6],"5":[0,6],"6":[5,1],"7":[6,6],"8":[0,1],"9":[3,1,1],"10":[0,1],"11":[2,1],"12":[3,3],"13":[2,1],"14":[3,1],"15":[2,1],"16":[5,0],"17":[5,2],"18":[5,0],"19":[5,2],"20":[5,0],"21":[5,0]},"_coverageSchema":"1a1c01bbd47fc00a2c39e90264f33305004495a9","hash":"593a14e5fdfe94b339e521730bdaf07c98bfc77f"}
,"C:\\Users\\bibi computer\\Desktop\\projet_9\\bill-app\\Billed-app-FR-Front\\src\\containers\\Login.js": {"path":"C:\\Users\\bibi computer\\Desktop\\projet_9\\bill-app\\Billed-app-FR-Front\\src\\containers\\Login.js","statementMap":{"0":{"start":{"line":2,"column":31},"end":{"line":2,"column":33}},"1":{"start":{"line":7,"column":8},"end":{"line":7,"column":32}},"2":{"start":{"line":8,"column":8},"end":{"line":8,"column":40}},"3":{"start":{"line":9,"column":8},"end":{"line":9,"column":36}},"4":{"start":{"line":10,"column":8},"end":{"line":10,"column":50}},"5":{"start":{"line":11,"column":8},"end":{"line":11,"column":26}},"6":{"start":{"line":12,"column":29},"end":{"line":12,"column":93}},"7":{"start":{"line":13,"column":8},"end":{"line":13,"column":74}},"8":{"start":{"line":14,"column":26},"end":{"line":14,"column":87}},"9":{"start":{"line":15,"column":8},"end":{"line":15,"column":68}},"10":{"start":{"line":17,"column":27},"end":{"line":37,"column":5}},"11":{"start":{"line":18,"column":8},"end":{"line":18,"column":26}},"12":{"start":{"line":19,"column":21},"end":{"line":24,"column":9}},"13":{"start":{"line":25,"column":8},"end":{"line":25,"column":63}},"14":{"start":{"line":26,"column":8},"end":{"line":35,"column":14}},"15":{"start":{"line":28,"column":25},"end":{"line":28,"column":46}},"16":{"start":{"line":31,"column":16},"end":{"line":31,"column":53}},"17":{"start":{"line":32,"column":16},"end":{"line":32,"column":61}},"18":{"start":{"line":33,"column":16},"end":{"line":33,"column":58}},"19":{"start":{"line":34,"column":16},"end":{"line":34,"column":65}},"20":{"start":{"line":39,"column":24},"end":{"line":61,"column":5}},"21":{"start":{"line":40,"column":8},"end":{"line":40,"column":26}},"22":{"start":{"line":41,"column":21},"end":{"line":49,"column":9}},"23":{"start":{"line":50,"column":8},"end":{"line":50,"column":63}},"24":{"start":{"line":51,"column":8},"end":{"line":60,"column":14}},"25":{"start":{"line":53,"column":25},"end":{"line":53,"column":46}},"26":{"start":{"line":56,"column":16},"end":{"line":56,"column":57}},"27":{"start":{"line":57,"column":16},"end":{"line":57,"column":65}},"28":{"start":{"line":58,"column":16},"end":{"line":58,"column":58}},"29":{"start":{"line":59,"column":16},"end":{"line":59,"column":60}},"30":{"start":{"line":64,"column":12},"end":{"line":76,"column":5}},"31":{"start":{"line":65,"column":8},"end":{"line":75,"column":9}},"32":{"start":{"line":66,"column":12},"end":{"line":72,"column":18}},"33":{"start":{"line":71,"column":20},"end":{"line":71,"column":52}},"34":{"start":{"line":74,"column":12},"end":{"line":74,"column":23}},"35":{"start":{"line":79,"column":17},"end":{"line":98,"column":5}},"36":{"start":{"line":80,"column":8},"end":{"line":97,"column":9}},"37":{"start":{"line":81,"column":12},"end":{"line":94,"column":18}},"38":{"start":{"line":92,"column":20},"end":{"line":92,"column":69}},"39":{"start":{"line":93,"column":20},"end":{"line":93,"column":43}},"40":{"start":{"line":96,"column":12},"end":{"line":96,"column":23}}},"fnMap":{"0":{"name":"(anonymous_0)","decl":{"start":{"line":6,"column":4},"end":{"line":6,"column":5}},"loc":{"start":{"line":6,"column":82},"end":{"line":16,"column":5}},"line":6},"1":{"name":"(anonymous_1)","decl":{"start":{"line":17,"column":27},"end":{"line":17,"column":28}},"loc":{"start":{"line":17,"column":32},"end":{"line":37,"column":5}},"line":17},"2":{"name":"(anonymous_2)","decl":{"start":{"line":28,"column":16},"end":{"line":28,"column":17}},"loc":{"start":{"line":28,"column":25},"end":{"line":28,"column":46}},"line":28},"3":{"name":"(anonymous_3)","decl":{"start":{"line":30,"column":18},"end":{"line":30,"column":19}},"loc":{"start":{"line":30,"column":24},"end":{"line":35,"column":13}},"line":30},"4":{"name":"(anonymous_4)","decl":{"start":{"line":39,"column":24},"end":{"line":39,"column":25}},"loc":{"start":{"line":39,"column":29},"end":{"line":61,"column":5}},"line":39},"5":{"name":"(anonymous_5)","decl":{"start":{"line":53,"column":16},"end":{"line":53,"column":17}},"loc":{"start":{"line":53,"column":25},"end":{"line":53,"column":46}},"line":53},"6":{"name":"(anonymous_6)","decl":{"start":{"line":55,"column":18},"end":{"line":55,"column":19}},"loc":{"start":{"line":55,"column":24},"end":{"line":60,"column":13}},"line":55},"7":{"name":"(anonymous_7)","decl":{"start":{"line":64,"column":12},"end":{"line":64,"column":13}},"loc":{"start":{"line":64,"column":22},"end":{"line":76,"column":5}},"line":64},"8":{"name":"(anonymous_8)","decl":{"start":{"line":70,"column":25},"end":{"line":70,"column":26}},"loc":{"start":{"line":70,"column":38},"end":{"line":72,"column":17}},"line":70},"9":{"name":"(anonymous_9)","decl":{"start":{"line":79,"column":17},"end":{"line":79,"column":18}},"loc":{"start":{"line":79,"column":27},"end":{"line":98,"column":5}},"line":79},"10":{"name":"(anonymous_10)","decl":{"start":{"line":91,"column":22},"end":{"line":91,"column":23}},"loc":{"start":{"line":91,"column":28},"end":{"line":94,"column":17}},"line":91}},"branchMap":{"0":{"loc":{"start":{"line":65,"column":8},"end":{"line":75,"column":9}},"type":"if","locations":[{"start":{"line":65,"column":8},"end":{"line":75,"column":9}},{"start":{"line":73,"column":15},"end":{"line":75,"column":9}}],"line":65},"1":{"loc":{"start":{"line":80,"column":8},"end":{"line":97,"column":9}},"type":"if","locations":[{"start":{"line":80,"column":8},"end":{"line":97,"column":9}},{"start":{"line":95,"column":15},"end":{"line":97,"column":9}}],"line":80}},"s":{"0":4,"1":5,"2":5,"3":5,"4":5,"5":5,"6":5,"7":5,"8":5,"9":5,"10":5,"11":2,"12":2,"13":2,"14":2,"15":0,"16":2,"17":2,"18":2,"19":2,"20":5,"21":2,"22":2,"23":2,"24":2,"25":0,"26":2,"27":2,"28":2,"29":2,"30":5,"31":0,"32":0,"33":0,"34":0,"35":5,"36":0,"37":0,"38":0,"39":0,"40":0},"f":{"0":5,"1":2,"2":0,"3":2,"4":2,"5":0,"6":2,"7":0,"8":0,"9":0,"10":0},"b":{"0":[0,0],"1":[0,0]},"_coverageSchema":"1a1c01bbd47fc00a2c39e90264f33305004495a9","hash":"9d425ea3fce43679a894f3772044cd545d58f29f"}
,"C:\\Users\\bibi computer\\Desktop\\projet_9\\bill-app\\Billed-app-FR-Front\\src\\containers\\Logout.js": {"path":"C:\\Users\\bibi computer\\Desktop\\projet_9\\bill-app\\Billed-app-FR-Front\\src\\containers\\Logout.js","statementMap":{"0":{"start":{"line":5,"column":8},"end":{"line":5,"column":32}},"1":{"start":{"line":6,"column":8},"end":{"line":6,"column":36}},"2":{"start":{"line":7,"column":8},"end":{"line":7,"column":40}},"3":{"start":{"line":8,"column":8},"end":{"line":8,"column":55}},"4":{"start":{"line":11,"column":18},"end":{"line":14,"column":5}},"5":{"start":{"line":12,"column":8},"end":{"line":12,"column":33}},"6":{"start":{"line":13,"column":8},"end":{"line":13,"column":45}}},"fnMap":{"0":{"name":"(anonymous_0)","decl":{"start":{"line":4,"column":4},"end":{"line":4,"column":5}},"loc":{"start":{"line":4,"column":56},"end":{"line":9,"column":5}},"line":4},"1":{"name":"(anonymous_1)","decl":{"start":{"line":11,"column":18},"end":{"line":11,"column":19}},"loc":{"start":{"line":11,"column":25},"end":{"line":14,"column":5}},"line":11}},"branchMap":{},"s":{"0":24,"1":24,"2":24,"3":24,"4":24,"5":2,"6":2},"f":{"0":24,"1":2},"b":{},"_coverageSchema":"1a1c01bbd47fc00a2c39e90264f33305004495a9","hash":"e4d116bb208e9fe92e627c68ee426a1fbdf57511"}
,"C:\\Users\\bibi computer\\Desktop\\projet_9\\bill-app\\Billed-app-FR-Front\\src\\containers\\NewBill.js": {"path":"C:\\Users\\bibi computer\\Desktop\\projet_9\\bill-app\\Billed-app-FR-Front\\src\\containers\\NewBill.js","statementMap":{"0":{"start":{"line":6,"column":8},"end":{"line":6,"column":32}},"1":{"start":{"line":7,"column":8},"end":{"line":7,"column":36}},"2":{"start":{"line":8,"column":8},"end":{"line":8,"column":26}},"3":{"start":{"line":9,"column":28},"end":{"line":9,"column":92}},"4":{"start":{"line":10,"column":8},"end":{"line":10,"column":65}},"5":{"start":{"line":11,"column":21},"end":{"line":11,"column":77}},"6":{"start":{"line":12,"column":8},"end":{"line":12,"column":62}},"7":{"start":{"line":13,"column":8},"end":{"line":13,"column":27}},"8":{"start":{"line":14,"column":8},"end":{"line":14,"column":28}},"9":{"start":{"line":15,"column":8},"end":{"line":15,"column":26}},"10":{"start":{"line":16,"column":8},"end":{"line":16,"column":58}},"11":{"start":{"line":20,"column":23},"end":{"line":53,"column":5}},"12":{"start":{"line":21,"column":8},"end":{"line":21,"column":26}},"13":{"start":{"line":22,"column":21},"end":{"line":22,"column":86}},"14":{"start":{"line":23,"column":25},"end":{"line":23,"column":52}},"15":{"start":{"line":24,"column":25},"end":{"line":24,"column":54}},"16":{"start":{"line":25,"column":25},"end":{"line":25,"column":39}},"17":{"start":{"line":26,"column":22},"end":{"line":26,"column":68}},"18":{"start":{"line":27,"column":8},"end":{"line":27,"column":37}},"19":{"start":{"line":28,"column":8},"end":{"line":28,"column":39}},"20":{"start":{"line":35,"column":8},"end":{"line":52,"column":9}},"21":{"start":{"line":36,"column":12},"end":{"line":36,"column":31}},"22":{"start":{"line":37,"column":12},"end":{"line":37,"column":69}},"23":{"start":{"line":39,"column":12},"end":{"line":51,"column":55}},"24":{"start":{"line":48,"column":20},"end":{"line":48,"column":37}},"25":{"start":{"line":49,"column":20},"end":{"line":49,"column":42}},"26":{"start":{"line":50,"column":20},"end":{"line":50,"column":44}},"27":{"start":{"line":51,"column":34},"end":{"line":51,"column":54}},"28":{"start":{"line":55,"column":19},"end":{"line":73,"column":5}},"29":{"start":{"line":56,"column":8},"end":{"line":56,"column":26}},"30":{"start":{"line":57,"column":22},"end":{"line":57,"column":68}},"31":{"start":{"line":58,"column":21},"end":{"line":70,"column":9}},"32":{"start":{"line":71,"column":8},"end":{"line":71,"column":29}},"33":{"start":{"line":72,"column":8},"end":{"line":72,"column":45}},"34":{"start":{"line":76,"column":17},"end":{"line":84,"column":5}},"35":{"start":{"line":77,"column":8},"end":{"line":83,"column":9}},"36":{"start":{"line":78,"column":12},"end":{"line":82,"column":55}},"37":{"start":{"line":81,"column":20},"end":{"line":81,"column":57}},"38":{"start":{"line":82,"column":34},"end":{"line":82,"column":54}}},"fnMap":{"0":{"name":"(anonymous_0)","decl":{"start":{"line":5,"column":4},"end":{"line":5,"column":5}},"loc":{"start":{"line":5,"column":63},"end":{"line":18,"column":5}},"line":5},"1":{"name":"(anonymous_1)","decl":{"start":{"line":20,"column":23},"end":{"line":20,"column":24}},"loc":{"start":{"line":20,"column":28},"end":{"line":53,"column":5}},"line":20},"2":{"name":"(anonymous_2)","decl":{"start":{"line":47,"column":22},"end":{"line":47,"column":23}},"loc":{"start":{"line":47,"column":44},"end":{"line":51,"column":17}},"line":47},"3":{"name":"(anonymous_3)","decl":{"start":{"line":51,"column":25},"end":{"line":51,"column":26}},"loc":{"start":{"line":51,"column":34},"end":{"line":51,"column":54}},"line":51},"4":{"name":"(anonymous_4)","decl":{"start":{"line":55,"column":19},"end":{"line":55,"column":20}},"loc":{"start":{"line":55,"column":24},"end":{"line":73,"column":5}},"line":55},"5":{"name":"(anonymous_5)","decl":{"start":{"line":76,"column":17},"end":{"line":76,"column":18}},"loc":{"start":{"line":76,"column":27},"end":{"line":84,"column":5}},"line":76},"6":{"name":"(anonymous_6)","decl":{"start":{"line":80,"column":22},"end":{"line":80,"column":23}},"loc":{"start":{"line":80,"column":28},"end":{"line":82,"column":17}},"line":80},"7":{"name":"(anonymous_7)","decl":{"start":{"line":82,"column":25},"end":{"line":82,"column":26}},"loc":{"start":{"line":82,"column":34},"end":{"line":82,"column":54}},"line":82}},"branchMap":{"0":{"loc":{"start":{"line":35,"column":8},"end":{"line":52,"column":9}},"type":"if","locations":[{"start":{"line":35,"column":8},"end":{"line":52,"column":9}},{"start":{"line":38,"column":15},"end":{"line":52,"column":9}}],"line":35},"1":{"loc":{"start":{"line":65,"column":17},"end":{"line":65,"column":89}},"type":"binary-expr","locations":[{"start":{"line":65,"column":17},"end":{"line":65,"column":83}},{"start":{"line":65,"column":87},"end":{"line":65,"column":89}}],"line":65},"2":{"loc":{"start":{"line":77,"column":8},"end":{"line":83,"column":9}},"type":"if","locations":[{"start":{"line":77,"column":8},"end":{"line":83,"column":9}},{"start":{},"end":{}}],"line":77}},"s":{"0":5,"1":5,"2":5,"3":5,"4":5,"5":5,"6":5,"7":5,"8":5,"9":5,"10":5,"11":5,"12":4,"13":4,"14":4,"15":4,"16":4,"17":4,"18":4,"19":4,"20":4,"21":4,"22":4,"23":0,"24":0,"25":0,"26":0,"27":0,"28":5,"29":4,"30":4,"31":4,"32":4,"33":4,"34":5,"35":4,"36":4,"37":4,"38":0},"f":{"0":5,"1":4,"2":0,"3":0,"4":4,"5":4,"6":4,"7":0},"b":{"0":[4,0],"1":[4,4],"2":[4,0]},"_coverageSchema":"1a1c01bbd47fc00a2c39e90264f33305004495a9","hash":"eb99acefa0e9c6a86bd7f2a10710f87380df9c29"}
,"C:\\Users\\bibi computer\\Desktop\\projet_9\\bill-app\\Billed-app-FR-Front\\src\\views\\Actions.js": {"path":"C:\\Users\\bibi computer\\Desktop\\projet_9\\bill-app\\Billed-app-FR-Front\\src\\views\\Actions.js","statementMap":{"0":{"start":{"line":5,"column":2},"end":{"line":11,"column":3}}},"fnMap":{"0":{"name":"(anonymous_0)","decl":{"start":{"line":4,"column":15},"end":{"line":4,"column":16}},"loc":{"start":{"line":4,"column":28},"end":{"line":12,"column":1}},"line":4}},"branchMap":{},"s":{"0":14},"f":{"0":14},"b":{},"_coverageSchema":"1a1c01bbd47fc00a2c39e90264f33305004495a9","hash":"294a0f0cbad6ec1c6bc4f2d715211a337b0509dd"}
,"C:\\Users\\bibi computer\\Desktop\\projet_9\\bill-app\\Billed-app-FR-Front\\src\\views\\BillsUI.js": {"path":"C:\\Users\\bibi computer\\Desktop\\projet_9\\bill-app\\Billed-app-FR-Front\\src\\views\\BillsUI.js","statementMap":{"0":{"start":{"line":7,"column":12},"end":{"line":20,"column":1}},"1":{"start":{"line":8,"column":4},"end":{"line":19,"column":6}},"2":{"start":{"line":24,"column":13},"end":{"line":29,"column":1}},"3":{"start":{"line":26,"column":4},"end":{"line":28,"column":45}},"4":{"start":{"line":27,"column":25},"end":{"line":27,"column":69}},"5":{"start":{"line":28,"column":21},"end":{"line":28,"column":30}},"6":{"start":{"line":33,"column":18},"end":{"line":48,"column":4}},"7":{"start":{"line":33,"column":25},"end":{"line":48,"column":3}},"8":{"start":{"line":50,"column":4},"end":{"line":54,"column":5}},"9":{"start":{"line":51,"column":8},"end":{"line":51,"column":28}},"10":{"start":{"line":52,"column":11},"end":{"line":54,"column":5}},"11":{"start":{"line":53,"column":8},"end":{"line":53,"column":31}},"12":{"start":{"line":57,"column":4},"end":{"line":84,"column":12}}},"fnMap":{"0":{"name":"(anonymous_0)","decl":{"start":{"line":7,"column":12},"end":{"line":7,"column":13}},"loc":{"start":{"line":7,"column":22},"end":{"line":20,"column":1}},"line":7},"1":{"name":"(anonymous_1)","decl":{"start":{"line":24,"column":13},"end":{"line":24,"column":14}},"loc":{"start":{"line":24,"column":23},"end":{"line":29,"column":1}},"line":24},"2":{"name":"(anonymous_2)","decl":{"start":{"line":27,"column":14},"end":{"line":27,"column":15}},"loc":{"start":{"line":27,"column":25},"end":{"line":27,"column":69}},"line":27},"3":{"name":"(anonymous_3)","decl":{"start":{"line":28,"column":13},"end":{"line":28,"column":14}},"loc":{"start":{"line":28,"column":21},"end":{"line":28,"column":30}},"line":28},"4":{"name":"(anonymous_4)","decl":{"start":{"line":31,"column":15},"end":{"line":31,"column":16}},"loc":{"start":{"line":31,"column":52},"end":{"line":85,"column":1}},"line":31},"5":{"name":"(anonymous_5)","decl":{"start":{"line":33,"column":18},"end":{"line":33,"column":19}},"loc":{"start":{"line":33,"column":25},"end":{"line":48,"column":3}},"line":33}},"branchMap":{"0":{"loc":{"start":{"line":26,"column":11},"end":{"line":28,"column":45}},"type":"cond-expr","locations":[{"start":{"line":26,"column":35},"end":{"line":28,"column":40}},{"start":{"line":28,"column":43},"end":{"line":28,"column":45}}],"line":26},"1":{"loc":{"start":{"line":26,"column":12},"end":{"line":26,"column":31}},"type":"binary-expr","locations":[{"start":{"line":26,"column":12},"end":{"line":26,"column":16}},{"start":{"line":26,"column":20},"end":{"line":26,"column":31}}],"line":26},"2":{"loc":{"start":{"line":27,"column":25},"end":{"line":27,"column":69}},"type":"cond-expr","locations":[{"start":{"line":27,"column":63},"end":{"line":27,"column":64}},{"start":{"line":27,"column":67},"end":{"line":27,"column":69}}],"line":27},"3":{"loc":{"start":{"line":50,"column":4},"end":{"line":54,"column":5}},"type":"if","locations":[{"start":{"line":50,"column":4},"end":{"line":54,"column":5}},{"start":{"line":52,"column":11},"end":{"line":54,"column":5}}],"line":50},"4":{"loc":{"start":{"line":52,"column":11},"end":{"line":54,"column":5}},"type":"if","locations":[{"start":{"line":52,"column":11},"end":{"line":54,"column":5}},{"start":{},"end":{}}],"line":52}},"s":{"0":6,"1":12,"2":6,"3":15,"4":12,"5":12,"6":25,"7":15,"8":25,"9":3,"10":22,"11":7,"12":15},"f":{"0":12,"1":15,"2":12,"3":12,"4":25,"5":15},"b":{"0":[3,12],"1":[15,5],"2":[9,3],"3":[3,22],"4":[7,15]},"_coverageSchema":"1a1c01bbd47fc00a2c39e90264f33305004495a9","hash":"84b5fdf602667d270e8b6c065417abadb9dc0372"}
,"C:\\Users\\bibi computer\\Desktop\\projet_9\\bill-app\\Billed-app-FR-Front\\src\\views\\DashboardFormUI.js": {"path":"C:\\Users\\bibi computer\\Desktop\\projet_9\\bill-app\\Billed-app-FR-Front\\src\\views\\DashboardFormUI.js","statementMap":{"0":{"start":{"line":7,"column":21},"end":{"line":22,"column":4}},"1":{"start":{"line":7,"column":28},"end":{"line":22,"column":3}},"2":{"start":{"line":26,"column":2},"end":{"line":101,"column":4}}},"fnMap":{"0":{"name":"(anonymous_0)","decl":{"start":{"line":7,"column":21},"end":{"line":7,"column":22}},"loc":{"start":{"line":7,"column":28},"end":{"line":22,"column":3}},"line":7},"1":{"name":"(anonymous_1)","decl":{"start":{"line":24,"column":15},"end":{"line":24,"column":16}},"loc":{"start":{"line":24,"column":25},"end":{"line":102,"column":1}},"line":24}},"branchMap":{"0":{"loc":{"start":{"line":79,"column":9},"end":{"line":89,"column":9}},"type":"cond-expr","locations":[{"start":{"line":79,"column":38},"end":{"line":84,"column":8}},{"start":{"line":84,"column":13},"end":{"line":89,"column":8}}],"line":79},"1":{"loc":{"start":{"line":92,"column":8},"end":{"line":97,"column":13}},"type":"cond-expr","locations":[{"start":{"line":92,"column":37},"end":{"line":97,"column":7}},{"start":{"line":97,"column":11},"end":{"line":97,"column":13}}],"line":92}},"s":{"0":7,"1":9,"2":9},"f":{"0":9,"1":9},"b":{"0":[6,3],"1":[6,3]},"_coverageSchema":"1a1c01bbd47fc00a2c39e90264f33305004495a9","hash":"da63873150ad772bdbc94c8b1a81b80267aaabde"}
,"C:\\Users\\bibi computer\\Desktop\\projet_9\\bill-app\\Billed-app-FR-Front\\src\\views\\DashboardUI.js": {"path":"C:\\Users\\bibi computer\\Desktop\\projet_9\\bill-app\\Billed-app-FR-Front\\src\\views\\DashboardUI.js","statementMap":{"0":{"start":{"line":10,"column":2},"end":{"line":14,"column":3}},"1":{"start":{"line":11,"column":4},"end":{"line":11,"column":24}},"2":{"start":{"line":12,"column":9},"end":{"line":14,"column":3}},"3":{"start":{"line":13,"column":4},"end":{"line":13,"column":27}},"4":{"start":{"line":16,"column":2},"end":{"line":48,"column":3}}},"fnMap":{"0":{"name":"(anonymous_0)","decl":{"start":{"line":8,"column":15},"end":{"line":8,"column":16}},"loc":{"start":{"line":8,"column":45},"end":{"line":49,"column":1}},"line":8}},"branchMap":{"0":{"loc":{"start":{"line":10,"column":2},"end":{"line":14,"column":3}},"type":"if","locations":[{"start":{"line":10,"column":2},"end":{"line":14,"column":3}},{"start":{"line":12,"column":9},"end":{"line":14,"column":3}}],"line":10},"1":{"loc":{"start":{"line":12,"column":9},"end":{"line":14,"column":3}},"type":"if","locations":[{"start":{"line":12,"column":9},"end":{"line":14,"column":3}},{"start":{},"end":{}}],"line":12},"2":{"loc":{"start":{"line":22,"column":45},"end":{"line":22,"column":63}},"type":"binary-expr","locations":[{"start":{"line":22,"column":45},"end":{"line":22,"column":49}},{"start":{"line":22,"column":53},"end":{"line":22,"column":63}}],"line":22},"3":{"loc":{"start":{"line":29,"column":43},"end":{"line":29,"column":61}},"type":"binary-expr","locations":[{"start":{"line":29,"column":43},"end":{"line":29,"column":47}},{"start":{"line":29,"column":51},"end":{"line":29,"column":61}}],"line":29},"4":{"loc":{"start":{"line":36,"column":43},"end":{"line":36,"column":61}},"type":"binary-expr","locations":[{"start":{"line":36,"column":43},"end":{"line":36,"column":47}},{"start":{"line":36,"column":51},"end":{"line":36,"column":61}}],"line":36}},"s":{"0":21,"1":6,"2":15,"3":3,"4":12},"f":{"0":21},"b":{"0":[6,15],"1":[3,12],"2":[12,7],"3":[12,7],"4":[12,7]},"_coverageSchema":"1a1c01bbd47fc00a2c39e90264f33305004495a9","hash":"c5634d1c16d86309a79bac6b78243fb27f5c0a7c"}
,"C:\\Users\\bibi computer\\Desktop\\projet_9\\bill-app\\Billed-app-FR-Front\\src\\views\\ErrorPage.js": {"path":"C:\\Users\\bibi computer\\Desktop\\projet_9\\bill-app\\Billed-app-FR-Front\\src\\views\\ErrorPage.js","statementMap":{"0":{"start":{"line":4,"column":2},"end":{"line":15,"column":3}}},"fnMap":{"0":{"name":"(anonymous_0)","decl":{"start":{"line":3,"column":15},"end":{"line":3,"column":16}},"loc":{"start":{"line":3,"column":26},"end":{"line":16,"column":1}},"line":3}},"branchMap":{"0":{"loc":{"start":{"line":12,"column":12},"end":{"line":12,"column":30}},"type":"cond-expr","locations":[{"start":{"line":12,"column":20},"end":{"line":12,"column":25}},{"start":{"line":12,"column":28},"end":{"line":12,"column":30}}],"line":12}},"s":{"0":12},"f":{"0":12},"b":{"0":[11,1]},"_coverageSchema":"1a1c01bbd47fc00a2c39e90264f33305004495a9","hash":"f4706e99e07233b1b15ff05717bbd12dc89ac606"}
,"C:\\Users\\bibi computer\\Desktop\\projet_9\\bill-app\\Billed-app-FR-Front\\src\\views\\LoadingPage.js": {"path":"C:\\Users\\bibi computer\\Desktop\\projet_9\\bill-app\\Billed-app-FR-Front\\src\\views\\LoadingPage.js","statementMap":{"0":{"start":{"line":5,"column":2},"end":{"line":12,"column":3}}},"fnMap":{"0":{"name":"(anonymous_0)","decl":{"start":{"line":3,"column":15},"end":{"line":3,"column":16}},"loc":{"start":{"line":3,"column":21},"end":{"line":13,"column":1}},"line":3}},"branchMap":{},"s":{"0":10},"f":{"0":10},"b":{},"_coverageSchema":"1a1c01bbd47fc00a2c39e90264f33305004495a9","hash":"2878761ec49d72fbd634a62d331335e4c5fe25c5"}
,"C:\\Users\\bibi computer\\Desktop\\projet_9\\bill-app\\Billed-app-FR-Front\\src\\views\\LoginUI.js": {"path":"C:\\Users\\bibi computer\\Desktop\\projet_9\\bill-app\\Billed-app-FR-Front\\src\\views\\LoginUI.js","statementMap":{"0":{"start":{"line":4,"column":2},"end":{"line":46,"column":4}}},"fnMap":{"0":{"name":"(anonymous_0)","decl":{"start":{"line":2,"column":15},"end":{"line":2,"column":16}},"loc":{"start":{"line":2,"column":21},"end":{"line":47,"column":1}},"line":2}},"branchMap":{},"s":{"0":17},"f":{"0":17},"b":{},"_coverageSchema":"1a1c01bbd47fc00a2c39e90264f33305004495a9","hash":"9bbbdbb5b166cdd1a6c69dc2b7295a0830fb6212"}
,"C:\\Users\\bibi computer\\Desktop\\projet_9\\bill-app\\Billed-app-FR-Front\\src\\views\\NewBillUI.js": {"path":"C:\\Users\\bibi computer\\Desktop\\projet_9\\bill-app\\Billed-app-FR-Front\\src\\views\\NewBillUI.js","statementMap":{"0":{"start":{"line":5,"column":4},"end":{"line":73,"column":4}}},"fnMap":{"0":{"name":"(anonymous_0)","decl":{"start":{"line":3,"column":15},"end":{"line":3,"column":16}},"loc":{"start":{"line":3,"column":21},"end":{"line":74,"column":1}},"line":3}},"branchMap":{},"s":{"0":9},"f":{"0":9},"b":{},"_coverageSchema":"1a1c01bbd47fc00a2c39e90264f33305004495a9","hash":"cfe776abceeb56b056e65b411e4078155016ddff"}
,"C:\\Users\\bibi computer\\Desktop\\projet_9\\bill-app\\Billed-app-FR-Front\\src\\views\\VerticalLayout.js": {"path":"C:\\Users\\bibi computer\\Desktop\\projet_9\\bill-app\\Billed-app-FR-Front\\src\\views\\VerticalLayout.js","statementMap":{"0":{"start":{"line":7,"column":4},"end":{"line":7,"column":51}},"1":{"start":{"line":8,"column":4},"end":{"line":10,"column":5}},"2":{"start":{"line":9,"column":6},"end":{"line":9,"column":29}},"3":{"start":{"line":11,"column":4},"end":{"line":39,"column":5}},"4":{"start":{"line":12,"column":6},"end":{"line":27,"column":7}},"5":{"start":{"line":29,"column":6},"end":{"line":38,"column":7}}},"fnMap":{"0":{"name":"(anonymous_0)","decl":{"start":{"line":5,"column":15},"end":{"line":5,"column":16}},"loc":{"start":{"line":5,"column":27},"end":{"line":40,"column":1}},"line":5}},"branchMap":{"0":{"loc":{"start":{"line":8,"column":4},"end":{"line":10,"column":5}},"type":"if","locations":[{"start":{"line":8,"column":4},"end":{"line":10,"column":5}},{"start":{},"end":{}}],"line":8},"1":{"loc":{"start":{"line":11,"column":4},"end":{"line":39,"column":5}},"type":"if","locations":[{"start":{"line":11,"column":4},"end":{"line":39,"column":5}},{"start":{"line":28,"column":11},"end":{"line":39,"column":5}}],"line":11},"2":{"loc":{"start":{"line":11,"column":8},"end":{"line":11,"column":40}},"type":"binary-expr","locations":[{"start":{"line":11,"column":8},"end":{"line":11,"column":12}},{"start":{"line":11,"column":16},"end":{"line":11,"column":40}}],"line":11}},"s":{"0":59,"1":59,"2":47,"3":59,"4":31,"5":28},"f":{"0":59},"b":{"0":[47,12],"1":[31,28],"2":[59,47]},"_coverageSchema":"1a1c01bbd47fc00a2c39e90264f33305004495a9","hash":"a2c4f19a08120238eab04b1b1cd587053553efb5"}
}
