TN:
SF:src\constants\routes.js
FN:13,(anonymous_0)
FNF:1
FNH:1
FNDA:42,(anonymous_0)
DA:6,6
DA:13,6
DA:14,42
DA:16,8
DA:18,15
DA:20,4
DA:22,12
DA:24,3
LF:8
LH:8
BRDA:14,0,0,8
BRDA:14,0,1,15
BRDA:14,0,2,4
BRDA:14,0,3,12
BRDA:14,0,4,3
BRF:5
BRH:5
end_of_record
TN:
SF:src\constants\usersTest.js
FNF:0
FNH:0
LF:0
LH:0
BRF:0
BRH:0
end_of_record
TN:
SF:src\containers\Bills.js
FN:6,(anonymous_0)
FN:13,(anonymous_1)
FN:14,(anonymous_2)
FN:19,(anonymous_3)
FN:23,(anonymous_4)
FN:30,(anonymous_5)
FN:32,(anonymous_6)
FN:33,(anonymous_7)
FNF:8
FNH:6
FNDA:4,(anonymous_0)
FNDA:4,(anonymous_1)
FNDA:1,(anonymous_2)
FNDA:2,(anonymous_3)
FNDA:2,(anonymous_4)
FNDA:2,(anonymous_5)
FNDA:0,(anonymous_6)
FNDA:0,(anonymous_7)
DA:7,4
DA:8,4
DA:9,4
DA:10,4
DA:11,4
DA:12,4
DA:13,4
DA:14,4
DA:16,4
DA:19,4
DA:20,2
DA:23,4
DA:24,2
DA:25,2
DA:26,2
DA:27,2
DA:30,4
DA:31,2
DA:32,2
DA:33,0
DA:34,0
DA:35,0
DA:40,0
DA:41,0
DA:47,0
DA:48,0
LF:26
LH:19
BRDA:11,0,0,2
BRDA:11,0,1,2
BRDA:13,1,0,4
BRDA:13,1,1,0
BRDA:31,2,0,2
BRDA:31,2,1,0
BRF:6
BRH:4
end_of_record
TN:
SF:src\containers\Dashboard.js
FN:8,(anonymous_0)
FN:10,(anonymous_1)
FN:29,(anonymous_2)
FN:54,(anonymous_3)
FN:56,(anonymous_4)
FN:57,(anonymous_5)
FN:60,(anonymous_6)
FN:72,(anonymous_7)
FN:76,(anonymous_8)
FN:77,(anonymous_9)
FN:78,(anonymous_10)
FN:82,(anonymous_11)
FN:89,(anonymous_12)
FN:93,(anonymous_13)
FN:110,(anonymous_14)
FN:111,(anonymous_15)
FN:115,(anonymous_16)
FN:125,(anonymous_17)
FN:135,(anonymous_18)
FN:160,(anonymous_19)
FN:162,(anonymous_20)
FN:169,(anonymous_21)
FN:174,(anonymous_22)
FN:176,(anonymous_23)
FN:184,(anonymous_24)
FNF:25
FNH:20
FNDA:44,(anonymous_0)
FNDA:104,(anonymous_1)
FNDA:6,(anonymous_2)
FNDA:6,(anonymous_3)
FNDA:1,(anonymous_4)
FNDA:6,(anonymous_5)
FNDA:5,(anonymous_6)
FNDA:14,(anonymous_7)
FNDA:0,(anonymous_8)
FNDA:0,(anonymous_9)
FNDA:0,(anonymous_10)
FNDA:1,(anonymous_11)
FNDA:3,(anonymous_12)
FNDA:8,(anonymous_13)
FNDA:0,(anonymous_14)
FNDA:0,(anonymous_15)
FNDA:1,(anonymous_16)
FNDA:1,(anonymous_17)
FNDA:5,(anonymous_18)
FNDA:20,(anonymous_19)
FNDA:3,(anonymous_20)
FNDA:5,(anonymous_21)
FNDA:3,(anonymous_22)
FNDA:12,(anonymous_23)
FNDA:2,(anonymous_24)
DA:8,6
DA:9,44
DA:14,104
DA:15,104
DA:20,0
DA:21,0
DA:25,104
DA:29,6
DA:30,6
DA:31,6
DA:33,6
DA:36,6
DA:54,6
DA:55,6
DA:56,1
DA:57,6
DA:60,6
DA:61,5
DA:63,3
DA:65,1
DA:67,1
DA:73,14
DA:74,14
DA:75,14
DA:76,14
DA:77,14
DA:78,14
DA:79,14
DA:82,14
DA:83,1
DA:84,1
DA:85,1
DA:86,1
DA:90,3
DA:91,3
DA:92,3
DA:93,2
DA:94,8
DA:96,2
DA:97,2
DA:98,2
DA:99,2
DA:101,1
DA:103,1
DA:106,1
DA:107,1
DA:109,3
DA:110,3
DA:111,3
DA:115,14
DA:116,1
DA:121,1
DA:122,1
DA:125,14
DA:126,1
DA:131,1
DA:132,1
DA:137,5
DA:138,5
DA:139,5
DA:141,5
DA:142,5
DA:144,5
DA:146,0
DA:147,0
DA:149,0
DA:160,5
DA:161,20
DA:162,20
DA:165,5
DA:169,14
DA:170,5
DA:171,5
DA:175,3
DA:176,12
DA:182,3
DA:185,2
LF:77
LH:72
BRDA:9,0,0,26
BRDA:9,0,1,18
BRDA:9,1,0,44
BRDA:9,1,1,26
BRDA:14,2,0,104
BRDA:14,2,1,0
BRDA:22,3,0,0
BRDA:22,3,1,0
BRDA:31,4,0,0
BRDA:31,4,1,6
BRDA:33,5,0,0
BRDA:33,5,1,6
BRDA:55,6,0,5
BRDA:55,6,1,1
BRDA:55,7,0,6
BRDA:55,7,1,6
BRDA:56,8,0,0
BRDA:56,8,1,1
BRDA:61,9,0,3
BRDA:61,9,1,1
BRDA:61,9,2,1
BRDA:86,10,0,0
BRDA:86,10,1,1
BRDA:90,11,0,2
BRDA:90,11,1,1
BRDA:90,12,0,3
BRDA:90,12,1,3
BRDA:91,13,0,2
BRDA:91,13,1,1
BRDA:91,14,0,3
BRDA:91,14,1,1
BRDA:92,15,0,2
BRDA:92,15,1,1
BRDA:137,16,0,5
BRDA:137,16,1,0
BRDA:137,17,0,5
BRDA:137,17,1,2
BRDA:138,18,0,5
BRDA:138,18,1,0
BRDA:138,19,0,5
BRDA:138,19,1,2
BRDA:139,20,0,5
BRDA:139,20,1,0
BRDA:170,21,0,5
BRDA:170,21,1,0
BRF:45
BRH:34
end_of_record
TN:
SF:src\containers\Login.js
FN:6,(anonymous_0)
FN:17,(anonymous_1)
FN:28,(anonymous_2)
FN:30,(anonymous_3)
FN:39,(anonymous_4)
FN:53,(anonymous_5)
FN:55,(anonymous_6)
FN:64,(anonymous_7)
FN:70,(anonymous_8)
FN:79,(anonymous_9)
FN:91,(anonymous_10)
FNF:11
FNH:5
FNDA:5,(anonymous_0)
FNDA:2,(anonymous_1)
FNDA:0,(anonymous_2)
FNDA:2,(anonymous_3)
FNDA:2,(anonymous_4)
FNDA:0,(anonymous_5)
FNDA:2,(anonymous_6)
FNDA:0,(anonymous_7)
FNDA:0,(anonymous_8)
FNDA:0,(anonymous_9)
FNDA:0,(anonymous_10)
DA:2,4
DA:7,5
DA:8,5
DA:9,5
DA:10,5
DA:11,5
DA:12,5
DA:13,5
DA:14,5
DA:15,5
DA:17,5
DA:18,2
DA:19,2
DA:25,2
DA:26,2
DA:28,0
DA:31,2
DA:32,2
DA:33,2
DA:34,2
DA:39,5
DA:40,2
DA:41,2
DA:50,2
DA:51,2
DA:53,0
DA:56,2
DA:57,2
DA:58,2
DA:59,2
DA:64,5
DA:65,0
DA:66,0
DA:71,0
DA:74,0
DA:79,5
DA:80,0
DA:81,0
DA:92,0
DA:93,0
DA:96,0
LF:41
LH:30
BRDA:65,0,0,0
BRDA:65,0,1,0
BRDA:80,1,0,0
BRDA:80,1,1,0
BRF:4
BRH:0
end_of_record
TN:
SF:src\containers\Logout.js
FN:4,(anonymous_0)
FN:11,(anonymous_1)
FNF:2
FNH:2
FNDA:24,(anonymous_0)
FNDA:2,(anonymous_1)
DA:5,24
DA:6,24
DA:7,24
DA:8,24
DA:11,24
DA:12,2
DA:13,2
LF:7
LH:7
BRF:0
BRH:0
end_of_record
TN:
SF:src\containers\NewBill.js
FN:5,(anonymous_0)
FN:20,(anonymous_1)
FN:47,(anonymous_2)
FN:51,(anonymous_3)
FN:55,(anonymous_4)
FN:76,(anonymous_5)
FN:80,(anonymous_6)
FN:82,(anonymous_7)
FNF:8
FNH:5
FNDA:5,(anonymous_0)
FNDA:4,(anonymous_1)
FNDA:0,(anonymous_2)
FNDA:0,(anonymous_3)
FNDA:4,(anonymous_4)
FNDA:4,(anonymous_5)
FNDA:4,(anonymous_6)
FNDA:0,(anonymous_7)
DA:6,5
DA:7,5
DA:8,5
DA:9,5
DA:10,5
DA:11,5
DA:12,5
DA:13,5
DA:14,5
DA:15,5
DA:16,5
DA:20,5
DA:21,4
DA:22,4
DA:23,4
DA:24,4
DA:25,4
DA:26,4
DA:27,4
DA:28,4
DA:35,4
DA:36,4
DA:37,4
DA:39,0
DA:48,0
DA:49,0
DA:50,0
DA:51,0
DA:55,5
DA:56,4
DA:57,4
DA:58,4
DA:71,4
DA:72,4
DA:76,5
DA:77,4
DA:78,4
DA:81,4
DA:82,0
LF:39
LH:33
BRDA:35,0,0,4
BRDA:35,0,1,0
BRDA:65,1,0,4
BRDA:65,1,1,4
BRDA:77,2,0,4
BRDA:77,2,1,0
BRF:6
BRH:4
end_of_record
TN:
SF:src\views\Actions.js
FN:4,(anonymous_0)
FNF:1
FNH:1
FNDA:14,(anonymous_0)
DA:5,14
LF:1
LH:1
BRF:0
BRH:0
end_of_record
TN:
SF:src\views\BillsUI.js
FN:7,(anonymous_0)
FN:24,(anonymous_1)
FN:27,(anonymous_2)
FN:28,(anonymous_3)
FN:31,(anonymous_4)
FN:33,(anonymous_5)
FNF:6
FNH:6
FNDA:12,(anonymous_0)
FNDA:15,(anonymous_1)
FNDA:12,(anonymous_2)
FNDA:12,(anonymous_3)
FNDA:25,(anonymous_4)
FNDA:15,(anonymous_5)
DA:7,6
DA:8,12
DA:24,6
DA:26,15
DA:27,12
DA:28,12
DA:33,25
DA:50,25
DA:51,3
DA:52,22
DA:53,7
DA:57,15
LF:12
LH:12
BRDA:26,0,0,3
BRDA:26,0,1,12
BRDA:26,1,0,15
BRDA:26,1,1,5
BRDA:27,2,0,9
BRDA:27,2,1,3
BRDA:50,3,0,3
BRDA:50,3,1,22
BRDA:52,4,0,7
BRDA:52,4,1,15
BRF:10
BRH:10
end_of_record
TN:
SF:src\views\DashboardFormUI.js
FN:7,(anonymous_0)
FN:24,(anonymous_1)
FNF:2
FNH:2
FNDA:9,(anonymous_0)
FNDA:9,(anonymous_1)
DA:7,9
DA:26,9
LF:2
LH:2
BRDA:79,0,0,6
BRDA:79,0,1,3
BRDA:92,1,0,6
BRDA:92,1,1,3
BRF:4
BRH:4
end_of_record
TN:
SF:src\views\DashboardUI.js
FN:8,(anonymous_0)
FNF:1
FNH:1
FNDA:21,(anonymous_0)
DA:10,21
DA:11,6
DA:12,15
DA:13,3
DA:16,12
LF:5
LH:5
BRDA:10,0,0,6
BRDA:10,0,1,15
BRDA:12,1,0,3
BRDA:12,1,1,12
BRDA:22,2,0,12
BRDA:22,2,1,7
BRDA:29,3,0,12
BRDA:29,3,1,7
BRDA:36,4,0,12
BRDA:36,4,1,7
BRF:10
BRH:10
end_of_record
TN:
SF:src\views\ErrorPage.js
FN:3,(anonymous_0)
FNF:1
FNH:1
FNDA:12,(anonymous_0)
DA:4,12
LF:1
LH:1
BRDA:12,0,0,11
BRDA:12,0,1,1
BRF:2
BRH:2
end_of_record
TN:
SF:src\views\LoadingPage.js
FN:3,(anonymous_0)
FNF:1
FNH:1
FNDA:10,(anonymous_0)
DA:5,10
LF:1
LH:1
BRF:0
BRH:0
end_of_record
TN:
SF:src\views\LoginUI.js
FN:2,(anonymous_0)
FNF:1
FNH:1
FNDA:17,(anonymous_0)
DA:4,17
LF:1
LH:1
BRF:0
BRH:0
end_of_record
TN:
SF:src\views\NewBillUI.js
FN:3,(anonymous_0)
FNF:1
FNH:1
FNDA:9,(anonymous_0)
DA:5,9
LF:1
LH:1
BRF:0
BRH:0
end_of_record
TN:
SF:src\views\VerticalLayout.js
FN:5,(anonymous_0)
FNF:1
FNH:1
FNDA:59,(anonymous_0)
DA:7,59
DA:8,59
DA:9,47
DA:11,59
DA:12,31
DA:29,28
LF:6
LH:6
BRDA:8,0,0,47
BRDA:8,0,1,12
BRDA:11,1,0,31
BRDA:11,1,1,28
BRDA:11,2,0,59
BRDA:11,2,1,47
BRF:6
BRH:6
end_of_record
