TN:
SF:src\constants\routes.js
FN:13,(anonymous_0)
FNF:1
FNH:1
FNDA:32,(anonymous_0)
DA:6,6
DA:13,6
DA:14,32
DA:16,6
DA:18,7
DA:20,4
DA:22,12
DA:24,3
LF:8
LH:8
BRDA:14,0,0,6
BRDA:14,0,1,7
BRDA:14,0,2,4
BRDA:14,0,3,12
BRDA:14,0,4,3
BRF:5
BRH:5
end_of_record
TN:
SF:src\constants\usersTest.js
FNF:0
FNH:0
LF:0
LH:0
BRF:0
BRH:0
end_of_record
TN:
SF:src\containers\Bills.js
FN:6,(anonymous_0)
FN:13,(anonymous_1)
FN:14,(anonymous_2)
FN:19,(anonymous_3)
FN:23,(anonymous_4)
FN:30,(anonymous_5)
FN:32,(anonymous_6)
FN:33,(anonymous_7)
FNF:8
FNH:6
FNDA:3,(anonymous_0)
FNDA:4,(anonymous_1)
FNDA:1,(anonymous_2)
FNDA:2,(anonymous_3)
FNDA:2,(anonymous_4)
FNDA:1,(anonymous_5)
FNDA:0,(anonymous_6)
FNDA:0,(anonymous_7)
DA:7,3
DA:8,3
DA:9,3
DA:10,3
DA:11,3
DA:12,3
DA:13,3
DA:14,4
DA:16,3
DA:19,3
DA:20,2
DA:23,3
DA:24,2
DA:25,2
DA:26,2
DA:27,2
DA:30,3
DA:31,1
DA:32,1
DA:33,0
DA:34,0
DA:35,0
DA:41,0
DA:42,0
DA:49,0
DA:50,0
LF:26
LH:19
BRDA:11,0,0,2
BRDA:11,0,1,1
BRDA:13,1,0,3
BRDA:13,1,1,0
BRDA:31,2,0,1
BRDA:31,2,1,0
BRF:6
BRH:4
end_of_record
TN:
SF:src\containers\Dashboard.js
FN:8,(anonymous_0)
FN:10,(anonymous_1)
FN:29,(anonymous_2)
FN:54,(anonymous_3)
FN:56,(anonymous_4)
FN:57,(anonymous_5)
FN:60,(anonymous_6)
FN:72,(anonymous_7)
FN:76,(anonymous_8)
FN:77,(anonymous_9)
FN:78,(anonymous_10)
FN:82,(anonymous_11)
FN:89,(anonymous_12)
FN:93,(anonymous_13)
FN:110,(anonymous_14)
FN:111,(anonymous_15)
FN:114,(anonymous_16)
FN:124,(anonymous_17)
FN:134,(anonymous_18)
FN:155,(anonymous_19)
FN:157,(anonymous_20)
FN:164,(anonymous_21)
FN:169,(anonymous_22)
FN:171,(anonymous_23)
FN:179,(anonymous_24)
FNF:25
FNH:20
FNDA:44,(anonymous_0)
FNDA:104,(anonymous_1)
FNDA:6,(anonymous_2)
FNDA:6,(anonymous_3)
FNDA:1,(anonymous_4)
FNDA:6,(anonymous_5)
FNDA:5,(anonymous_6)
FNDA:14,(anonymous_7)
FNDA:0,(anonymous_8)
FNDA:0,(anonymous_9)
FNDA:0,(anonymous_10)
FNDA:1,(anonymous_11)
FNDA:3,(anonymous_12)
FNDA:8,(anonymous_13)
FNDA:0,(anonymous_14)
FNDA:0,(anonymous_15)
FNDA:1,(anonymous_16)
FNDA:1,(anonymous_17)
FNDA:5,(anonymous_18)
FNDA:20,(anonymous_19)
FNDA:3,(anonymous_20)
FNDA:5,(anonymous_21)
FNDA:3,(anonymous_22)
FNDA:12,(anonymous_23)
FNDA:2,(anonymous_24)
DA:8,6
DA:9,44
DA:14,104
DA:15,104
DA:20,0
DA:21,0
DA:25,104
DA:29,6
DA:30,6
DA:31,6
DA:33,6
DA:36,6
DA:54,6
DA:55,6
DA:56,1
DA:57,6
DA:60,6
DA:61,5
DA:63,3
DA:65,1
DA:67,1
DA:73,14
DA:74,14
DA:75,14
DA:76,14
DA:77,14
DA:78,14
DA:79,14
DA:82,14
DA:83,1
DA:84,1
DA:85,1
DA:86,1
DA:90,3
DA:91,3
DA:92,3
DA:93,2
DA:94,8
DA:96,2
DA:97,2
DA:98,2
DA:99,2
DA:101,1
DA:103,1
DA:106,1
DA:107,1
DA:109,3
DA:110,3
DA:111,3
DA:114,14
DA:115,1
DA:120,1
DA:121,1
DA:124,14
DA:125,1
DA:130,1
DA:131,1
DA:136,5
DA:137,5
DA:138,5
DA:140,5
DA:141,5
DA:143,5
DA:145,0
DA:146,0
DA:148,0
DA:150,5
DA:155,5
DA:156,20
DA:157,20
DA:160,5
DA:164,14
DA:165,5
DA:166,5
DA:170,3
DA:171,12
DA:177,3
DA:180,2
LF:78
LH:73
BRDA:9,0,0,26
BRDA:9,0,1,18
BRDA:9,1,0,44
BRDA:9,1,1,26
BRDA:14,2,0,104
BRDA:14,2,1,0
BRDA:22,3,0,0
BRDA:22,3,1,0
BRDA:31,4,0,0
BRDA:31,4,1,6
BRDA:33,5,0,0
BRDA:33,5,1,6
BRDA:55,6,0,5
BRDA:55,6,1,1
BRDA:55,7,0,6
BRDA:55,7,1,6
BRDA:56,8,0,0
BRDA:56,8,1,1
BRDA:61,9,0,3
BRDA:61,9,1,1
BRDA:61,9,2,1
BRDA:86,10,0,0
BRDA:86,10,1,1
BRDA:90,11,0,2
BRDA:90,11,1,1
BRDA:90,12,0,3
BRDA:90,12,1,3
BRDA:91,13,0,2
BRDA:91,13,1,1
BRDA:91,14,0,3
BRDA:91,14,1,1
BRDA:92,15,0,2
BRDA:92,15,1,1
BRDA:136,16,0,5
BRDA:136,16,1,0
BRDA:136,17,0,5
BRDA:136,17,1,2
BRDA:137,18,0,5
BRDA:137,18,1,0
BRDA:137,19,0,5
BRDA:137,19,1,2
BRDA:138,20,0,5
BRDA:138,20,1,0
BRDA:165,21,0,5
BRDA:165,21,1,0
BRF:45
BRH:34
end_of_record
TN:
SF:src\containers\Login.js
FN:6,(anonymous_0)
FN:17,(anonymous_1)
FN:28,(anonymous_2)
FN:30,(anonymous_3)
FN:39,(anonymous_4)
FN:53,(anonymous_5)
FN:55,(anonymous_6)
FN:64,(anonymous_7)
FN:70,(anonymous_8)
FN:79,(anonymous_9)
FN:91,(anonymous_10)
FNF:11
FNH:5
FNDA:3,(anonymous_0)
FNDA:2,(anonymous_1)
FNDA:0,(anonymous_2)
FNDA:2,(anonymous_3)
FNDA:2,(anonymous_4)
FNDA:0,(anonymous_5)
FNDA:2,(anonymous_6)
FNDA:0,(anonymous_7)
FNDA:0,(anonymous_8)
FNDA:0,(anonymous_9)
FNDA:0,(anonymous_10)
DA:2,4
DA:7,3
DA:8,3
DA:9,3
DA:10,3
DA:11,3
DA:12,3
DA:13,3
DA:14,3
DA:15,3
DA:17,3
DA:18,2
DA:19,2
DA:25,2
DA:26,2
DA:28,0
DA:31,2
DA:32,2
DA:33,2
DA:34,2
DA:39,3
DA:40,2
DA:41,2
DA:50,2
DA:51,2
DA:53,0
DA:56,2
DA:57,2
DA:58,2
DA:59,2
DA:64,3
DA:65,0
DA:66,0
DA:71,0
DA:74,0
DA:79,3
DA:80,0
DA:81,0
DA:92,0
DA:93,0
DA:96,0
LF:41
LH:30
BRDA:65,0,0,0
BRDA:65,0,1,0
BRDA:80,1,0,0
BRDA:80,1,1,0
BRF:4
BRH:0
end_of_record
TN:
SF:src\containers\Logout.js
FN:4,(anonymous_0)
FN:11,(anonymous_1)
FNF:2
FNH:2
FNDA:22,(anonymous_0)
FNDA:2,(anonymous_1)
DA:5,22
DA:6,22
DA:7,22
DA:8,22
DA:11,22
DA:12,2
DA:13,2
LF:7
LH:7
BRF:0
BRH:0
end_of_record
TN:
SF:src\containers\NewBill.js
FN:5,(anonymous_0)
FN:20,(anonymous_1)
FN:50,(anonymous_2)
FN:54,(anonymous_3)
FN:58,(anonymous_4)
FN:80,(anonymous_5)
FN:84,(anonymous_6)
FN:86,(anonymous_7)
FNF:8
FNH:4
FNDA:4,(anonymous_0)
FNDA:4,(anonymous_1)
FNDA:0,(anonymous_2)
FNDA:0,(anonymous_3)
FNDA:2,(anonymous_4)
FNDA:2,(anonymous_5)
FNDA:0,(anonymous_6)
FNDA:0,(anonymous_7)
DA:6,4
DA:7,4
DA:8,4
DA:9,4
DA:10,4
DA:11,4
DA:12,4
DA:13,4
DA:14,4
DA:15,4
DA:16,4
DA:20,4
DA:21,4
DA:22,4
DA:23,4
DA:24,4
DA:25,4
DA:26,4
DA:27,4
DA:28,4
DA:29,4
DA:30,4
DA:31,4
DA:32,4
DA:38,4
DA:39,4
DA:40,4
DA:42,0
DA:51,0
DA:52,0
DA:53,0
DA:54,0
DA:58,4
DA:59,2
DA:60,2
DA:61,2
DA:62,2
DA:75,2
DA:76,2
DA:80,4
DA:81,2
DA:82,0
DA:85,0
DA:86,0
LF:44
LH:36
BRDA:38,0,0,4
BRDA:38,0,1,0
BRDA:69,1,0,2
BRDA:69,1,1,2
BRDA:81,2,0,0
BRDA:81,2,1,2
BRF:6
BRH:4
end_of_record
TN:
SF:src\views\Actions.js
FN:4,(anonymous_0)
FNF:1
FNH:1
FNDA:14,(anonymous_0)
DA:5,14
LF:1
LH:1
BRF:0
BRH:0
end_of_record
TN:
SF:src\views\BillsUI.js
FN:7,(anonymous_0)
FN:24,(anonymous_1)
FN:27,(anonymous_2)
FN:28,(anonymous_3)
FN:31,(anonymous_4)
FN:33,(anonymous_5)
FNF:6
FNH:6
FNDA:12,(anonymous_0)
FNDA:10,(anonymous_1)
FNDA:15,(anonymous_2)
FNDA:12,(anonymous_3)
FNDA:18,(anonymous_4)
FNDA:10,(anonymous_5)
DA:7,6
DA:8,12
DA:24,6
DA:26,10
DA:27,15
DA:28,12
DA:33,18
DA:50,18
DA:51,2
DA:52,16
DA:53,6
DA:57,10
LF:12
LH:12
BRDA:26,0,0,3
BRDA:26,0,1,7
BRDA:26,1,0,10
BRDA:26,1,1,6
BRDA:27,2,0,9
BRDA:27,2,1,6
BRDA:50,3,0,2
BRDA:50,3,1,16
BRDA:52,4,0,6
BRDA:52,4,1,10
BRF:10
BRH:10
end_of_record
TN:
SF:src\views\DashboardFormUI.js
FN:7,(anonymous_0)
FN:24,(anonymous_1)
FNF:2
FNH:2
FNDA:9,(anonymous_0)
FNDA:9,(anonymous_1)
DA:7,9
DA:26,9
LF:2
LH:2
BRDA:79,0,0,6
BRDA:79,0,1,3
BRDA:92,1,0,6
BRDA:92,1,1,3
BRF:4
BRH:4
end_of_record
TN:
SF:src\views\DashboardUI.js
FN:8,(anonymous_0)
FNF:1
FNH:1
FNDA:21,(anonymous_0)
DA:10,21
DA:11,6
DA:12,15
DA:13,3
DA:16,12
LF:5
LH:5
BRDA:10,0,0,6
BRDA:10,0,1,15
BRDA:12,1,0,3
BRDA:12,1,1,12
BRDA:22,2,0,12
BRDA:22,2,1,7
BRDA:29,3,0,12
BRDA:29,3,1,7
BRDA:36,4,0,12
BRDA:36,4,1,7
BRF:10
BRH:10
end_of_record
TN:
SF:src\views\ErrorPage.js
FN:3,(anonymous_0)
FNF:1
FNH:1
FNDA:11,(anonymous_0)
DA:4,11
LF:1
LH:1
BRDA:12,0,0,10
BRDA:12,0,1,1
BRF:2
BRH:2
end_of_record
TN:
SF:src\views\LoadingPage.js
FN:3,(anonymous_0)
FNF:1
FNH:1
FNDA:9,(anonymous_0)
DA:5,9
LF:1
LH:1
BRF:0
BRH:0
end_of_record
TN:
SF:src\views\LoginUI.js
FN:2,(anonymous_0)
FNF:1
FNH:1
FNDA:15,(anonymous_0)
DA:4,15
LF:1
LH:1
BRF:0
BRH:0
end_of_record
TN:
SF:src\views\NewBillUI.js
FN:3,(anonymous_0)
FNF:1
FNH:1
FNDA:9,(anonymous_0)
DA:5,9
LF:1
LH:1
BRF:0
BRH:0
end_of_record
TN:
SF:src\views\VerticalLayout.js
FN:5,(anonymous_0)
FNF:1
FNH:1
FNDA:52,(anonymous_0)
DA:7,52
DA:8,52
DA:9,40
DA:11,52
DA:12,24
DA:29,28
LF:6
LH:6
BRDA:8,0,0,40
BRDA:8,0,1,12
BRDA:11,1,0,24
BRDA:11,1,1,28
BRDA:11,2,0,52
BRDA:11,2,1,40
BRF:6
BRH:6
end_of_record
